2025-12-19 05:59:44.488063 - DB Error: 1265 (01000): Data truncated for column 'jenis' at row 1
2025-12-19 06:05:19.647725 - Success: 2 UIDs invalidated (set to 'invalid').
2025-12-19 17:34:34.567301 - Ran cron: 0 UIDs invalidated (set to 'invalid').
2025-12-19 17:34:34.567301 - Ran cron: 0 UIDs invalidated (set to 'invalid').
[2025-12-22 05:06:12] Memulai script invalidate_old_uid.py
[2025-12-22 05:06:12] Mode: Normal (update DB)
[2025-12-22 05:06:12] Query yang akan dijalankan: 
    UPDATE uid_buffer 
    SET jenis = 'invalid', 
        updated_at = NOW() 
    WHERE jenis = 'pending' 
        AND is_labeled = 'no' 
        AND timestamp < NOW() - INTERVAL 5 MINUTE

[2025-12-22 05:06:12] Koneksi DB berhasil
[2025-12-22 05:06:12] Berhasil invalidate 2 UID
[2025-12-22 05:06:12] Koneksi DB ditutup
[2025-12-22 05:06:12] Script selesai
[2025-12-22 05:24:42] Memulai script invalidate_old_uid.py
[2025-12-22 05:24:42] Mode: Normal (update DB)
[2025-12-22 05:24:42] Query yang akan dijalankan: 
    UPDATE uid_buffer 
    SET jenis = 'invalid', 
        updated_at = NOW() 
    WHERE jenis = 'pending' 
        AND is_labeled = 'no' 
        AND timestamp < NOW() - INTERVAL 5 MINUTE

[2025-12-22 05:24:42] Koneksi DB berhasil
[2025-12-22 05:24:42] Berhasil invalidate 0 UID
[2025-12-22 05:24:42] Koneksi DB ditutup
[2025-12-22 05:24:42] Script selesai
[2025-12-22 05:25:52] Memulai script invalidate_old_uid.py
[2025-12-22 05:25:52] Mode: Normal (update DB)
[2025-12-22 05:25:52] Query yang akan dijalankan: 
    UPDATE uid_buffer 
    SET jenis = 'invalid', 
        updated_at = NOW() 
    WHERE jenis = 'pending' 
        AND is_labeled = 'no' 
        AND timestamp < NOW() - INTERVAL 5 MINUTE

[2025-12-22 05:25:52] Koneksi DB berhasil
[2025-12-22 05:25:52] Berhasil invalidate 0 UID
[2025-12-22 05:25:52] Koneksi DB ditutup
[2025-12-22 05:25:52] Script selesai
[2025-12-22 05:29:27] Memulai script invalidate_old_uid.py
[2025-12-22 05:29:27] Mode: Normal (update DB)
[2025-12-22 05:29:27] Query yang akan dijalankan: 
    UPDATE uid_buffer 
    SET jenis = 'invalid', 
        updated_at = NOW() 
    WHERE jenis = 'pending' 
        AND is_labeled = 'no' 
        AND timestamp < NOW() - INTERVAL 5 MINUTE

[2025-12-22 05:29:27] Koneksi DB berhasil
[2025-12-22 05:29:27] Berhasil invalidate 0 UID
[2025-12-22 05:29:27] Koneksi DB ditutup
[2025-12-22 05:29:27] Script selesai
[2025-12-22 05:43:09] Memulai script invalidate_old_uid.py
[2025-12-22 05:43:09] Mode: Normal (update DB)
[2025-12-22 05:43:09] Query yang akan dijalankan: 
    UPDATE uid_buffer 
    SET jenis = 'invalid', 
        updated_at = NOW() 
    WHERE jenis = 'pending' 
        AND is_labeled = 'no' 
        AND timestamp < NOW() - INTERVAL 5 MINUTE

[2025-12-22 05:43:09] Koneksi DB berhasil
[2025-12-22 05:43:09] Berhasil invalidate 0 UID
[2025-12-22 05:43:09] Koneksi DB ditutup
[2025-12-22 05:43:09] Script selesai
